#
# A fatal error has been detected by the Java Runtime Environment:
#
#  EXCEPTION_ACCESS_VIOLATION (0xc0000005) at pc=0x00000001800638ca, pid=2308, tid=7400
#
# JRE version: Java(TM) SE Runtime Environment (8.0_05-b13) (build 1.8.0_05-b13)
# Java VM: Java HotSpot(TM) 64-Bit Server VM (25.5-b02 mixed mode windows-amd64 compressed oops)
# Problematic frame:
# C  [ig7icd64.dll+0x638ca]
#
# Failed to write core dump. Minidumps are not enabled by default on client versions of Windows
#
# If you would like to submit a bug report, please visit:
#   http://bugreport.sun.com/bugreport/crash.jsp
# The crash happened outside the Java Virtual Machine in native code.
# See problematic frame for where to report the bug.
#

---------------  T H R E A D  ---------------

Current thread (0x0000000019d53800):  JavaThread "AWT-EventQueue-0" [_thread_in_native, id=7400, stack(0x000000001bdf0000,0x000000001bef0000)]

siginfo: ExceptionCode=0xc0000005, writing address 0x0000000000000008

Registers:
RAX=0x0000000040003640, RBX=0x000000001d1de540, RCX=0x0000000000000000, RDX=0x0000000000000008
RSP=0x000000001beec870, RBP=0x0000000000000018, RSI=0x0000000000000000, RDI=0x0000000000000bf8
R8 =0x000000001db7a180, R9 =0x000000001d26bf20, R10=0x0000000000000001, R11=0x0000000000000001
R12=0x0000000000000028, R13=0x000000001d246be0, R14=0x0000000000000ba4, R15=0x0000000000000000
RIP=0x00000001800638ca, EFLAGS=0x0000000000010246

Top of Stack: (sp=0x000000001beec870)
0x000000001beec870:   0000000000000000 0000000000000001
0x000000001beec880:   000000001d2469b8 00007ffa65727442
0x000000001beec890:   0000000010000003 0000000e00000000
0x000000001beec8a0:   0000000000000000 00007ffa00000000
0x000000001beec8b0:   000000001d2469b8 00000001800654c6
0x000000001beec8c0:   0000000000000000 000000001beec940
0x000000001beec8d0:   000000001d1de540 0000000000b6d730
0x000000001beec8e0:   0000000000000000 00007ffa6571e756
0x000000001beec8f0:   01000c1c7a000003 0000000000000000
0x000000001beec900:   00007ffa00000000 00007ffa65748b37
0x000000001beec910:   000000001beeca88 0000000000000000
0x000000001beec920:   0000000019d53800 000000001beeca58
0x000000001beec930:   0000000019d53800 000000001beecc48
0x000000001beec940:   000000001700e3a8 0000000000000000
0x000000001beec950:   000000001ba83bd0 000000001d1de540
0x000000001beec960:   0000000000000028 000000018016591d 

Instructions: (pc=0x00000001800638ca)
0x00000001800638aa:   8b 89 c8 41 0d 00 41 8d 43 01 4a 8d 14 dd 00 00
0x00000001800638ba:   00 00 41 89 81 d4 41 0d 00 41 8b 40 40 4d 8b d3
0x00000001800638ca:   89 04 0a 49 8b 40 08 45 89 58 3c 8b 48 64 49 8b
0x00000001800638da:   81 c8 41 0d 00 49 01 89 e0 41 0d 00 83 4c 02 04 


Register to memory mapping:

RAX=0x0000000040003640 is an unknown value
RBX=0x000000001d1de540 is an unknown value
RCX=0x0000000000000000 is an unknown value
RDX=0x0000000000000008 is an unknown value
RSP=0x000000001beec870 is pointing into the stack for thread: 0x0000000019d53800
RBP=0x0000000000000018 is an unknown value
RSI=0x0000000000000000 is an unknown value
RDI=0x0000000000000bf8 is an unknown value
R8 =0x000000001db7a180 is an unknown value
R9 =0x000000001d26bf20 is an unknown value
R10=0x0000000000000001 is an unknown value
R11=0x0000000000000001 is an unknown value
R12=0x0000000000000028 is an unknown value
R13=0x000000001d246be0 is an unknown value
R14=0x0000000000000ba4 is an unknown value
R15=0x0000000000000000 is an unknown value


Stack: [0x000000001bdf0000,0x000000001bef0000],  sp=0x000000001beec870,  free space=1010k
Native frames: (J=compiled Java code, j=interpreted, Vv=VM code, C=native code)
C  [ig7icd64.dll+0x638ca]
C  [ig7icd64.dll+0x654c6]
C  [ig7icd64.dll+0x16591d]
C  [ig7icd64.dll+0x8f1f4]
C  [ig7icd64.dll+0xb5dd1]
C  [ig7icd64.dll+0x451ec5]
C  [OpenGL32.dll+0x402a0]
C  [GDI32.dll+0xcd6d2]
C  [nativewindow_win32.dll+0x2fcd]
C  0x00000000027dd366

Java frames: (J=compiled Java code, j=interpreted, Vv=VM code)
j  jogamp.nativewindow.windows.GDI.SwapBuffers(J)Z+0
j  jogamp.opengl.windows.wgl.WGLUtil.SwapBuffers(J)Z+12
j  jogamp.opengl.windows.wgl.WindowsWGLDrawable.swapBuffersImpl(Z)V+23
j  jogamp.opengl.GLDrawableImpl.swapBuffers()V+67
j  jogamp.opengl.GLDrawableHelper.invokeGLImpl(Ljavax/media/opengl/GLDrawable;Ljavax/media/opengl/GLContext;Ljava/lang/Runnable;Ljava/lang/Runnable;)V+219
j  jogamp.opengl.GLDrawableHelper.invokeGL(Ljavax/media/opengl/GLDrawable;Ljavax/media/opengl/GLContext;Ljava/lang/Runnable;Ljava/lang/Runnable;)V+80
j  com.jogamp.newt.opengl.GLWindow.display()V+90
j  jogamp.opengl.GLAutoDrawableBase.defaultWindowRepaintOp()V+44
j  com.jogamp.newt.opengl.GLWindow.access$100(Lcom/jogamp/newt/opengl/GLWindow;)V+1
j  com.jogamp.newt.opengl.GLWindow$2.windowRepaint(Lcom/jogamp/newt/event/WindowUpdateEvent;)V+4
j  jogamp.newt.WindowImpl.consumeWindowEvent(Lcom/jogamp/newt/event/WindowEvent;)V+241
j  jogamp.newt.WindowImpl.consumeEvent(Lcom/jogamp/newt/event/NEWTEvent;)Z+252
j  jogamp.newt.WindowImpl.doEvent(ZZLcom/jogamp/newt/event/NEWTEvent;)V+9
j  jogamp.newt.WindowImpl.windowRepaint(ZIIII)V+159
j  jogamp.newt.WindowImpl.windowRepaint(IIII)V+7
j  com.jogamp.newt.opengl.GLWindow.windowRepaint(IIII)V+9
j  com.jogamp.newt.awt.NewtCanvasAWT.paint(Ljava/awt/Graphics;)V+36
j  sun.awt.RepaintArea.paintComponent(Ljava/awt/Component;Ljava/awt/Graphics;)V+6
j  sun.awt.RepaintArea.paint(Ljava/lang/Object;Z)V+326
j  sun.awt.windows.WComponentPeer.handleEvent(Ljava/awt/AWTEvent;)V+155
j  java.awt.Component.dispatchEventImpl(Ljava/awt/AWTEvent;)V+877
j  java.awt.Component.dispatchEvent(Ljava/awt/AWTEvent;)V+2
j  java.awt.EventQueue.dispatchEventImpl(Ljava/awt/AWTEvent;Ljava/lang/Object;)V+41
j  java.awt.EventQueue.access$400(Ljava/awt/EventQueue;Ljava/awt/AWTEvent;Ljava/lang/Object;)V+3
j  java.awt.EventQueue$3.run()Ljava/lang/Void;+32
j  java.awt.EventQueue$3.run()Ljava/lang/Object;+1
v  ~StubRoutines::call_stub
j  java.security.AccessController.doPrivileged(Ljava/security/PrivilegedAction;Ljava/security/AccessControlContext;)Ljava/lang/Object;+0
j  java.security.ProtectionDomain$1.doIntersectionPrivilege(Ljava/security/PrivilegedAction;Ljava/security/AccessControlContext;Ljava/security/AccessControlContext;)Ljava/lang/Object;+28
j  java.security.ProtectionDomain$1.doIntersectionPrivilege(Ljava/security/PrivilegedAction;Ljava/security/AccessControlContext;)Ljava/lang/Object;+6
j  java.awt.EventQueue$4.run()Ljava/lang/Void;+11
j  java.awt.EventQueue$4.run()Ljava/lang/Object;+1
v  ~StubRoutines::call_stub
j  java.security.AccessController.doPrivileged(Ljava/security/PrivilegedAction;Ljava/security/AccessControlContext;)Ljava/lang/Object;+0
j  java.security.ProtectionDomain$1.doIntersectionPrivilege(Ljava/security/PrivilegedAction;Ljava/security/AccessControlContext;Ljava/security/AccessControlContext;)Ljava/lang/Object;+28
j  java.awt.EventQueue.dispatchEvent(Ljava/awt/AWTEvent;)V+73
j  java.awt.EventDispatchThread.pumpOneEventForFilters(I)V+245
j  java.awt.EventDispatchThread.pumpEventsForFilter(ILjava/awt/Conditional;Ljava/awt/EventFilter;)V+35
j  java.awt.EventDispatchThread.pumpEventsForHierarchy(ILjava/awt/Conditional;Ljava/awt/Component;)V+11
j  java.awt.EventDispatchThread.pumpEvents(ILjava/awt/Conditional;)V+4
j  java.awt.EventDispatchThread.pumpEvents(Ljava/awt/Conditional;)V+3
j  java.awt.EventDispatchThread.run()V+9
v  ~StubRoutines::call_stub

---------------  P R O C E S S  ---------------

Java Threads: ( => current thread )
  0x00000000026c2800 JavaThread "DestroyJavaVM" [_thread_blocked, id=11664, stack(0x00000000024e0000,0x00000000025e0000)]
  0x000000001a2e2800 JavaThread "D3D Screen Updater" daemon [_thread_blocked, id=10752, stack(0x0000000020690000,0x0000000020790000)]
  0x0000000019ff1000 JavaThread "main-Display-.windows_nil-1-EDT-1" daemon [_thread_blocked, id=11988, stack(0x000000001e4d0000,0x000000001e5d0000)]
  0x0000000019d97800 JavaThread "main-SharedResourceRunner" daemon [_thread_blocked, id=5644, stack(0x000000001c800000,0x000000001c900000)]
=>0x0000000019d53800 JavaThread "AWT-EventQueue-0" [_thread_in_native, id=7400, stack(0x000000001bdf0000,0x000000001bef0000)]
  0x0000000019ce9000 JavaThread "AWT-Windows" daemon [_thread_in_native, id=11984, stack(0x000000001a4d0000,0x000000001a5d0000)]
  0x0000000019ce8800 JavaThread "AWT-Shutdown" [_thread_blocked, id=10912, stack(0x000000001a3d0000,0x000000001a4d0000)]
  0x000000001937f800 JavaThread "Java2D Disposer" daemon [_thread_blocked, id=10792, stack(0x0000000019ad0000,0x0000000019bd0000)]
  0x000000001902c000 JavaThread "Service Thread" daemon [_thread_blocked, id=10608, stack(0x00000000194f0000,0x00000000195f0000)]
  0x0000000019010800 JavaThread "C1 CompilerThread2" daemon [_thread_blocked, id=10532, stack(0x00000000193f0000,0x00000000194f0000)]
  0x00000000172d8800 JavaThread "C2 CompilerThread1" daemon [_thread_blocked, id=11732, stack(0x0000000018ef0000,0x0000000018ff0000)]
  0x00000000172d1800 JavaThread "C2 CompilerThread0" daemon [_thread_blocked, id=10828, stack(0x0000000018df0000,0x0000000018ef0000)]
  0x00000000172c6800 JavaThread "JDWP Command Reader" daemon [_thread_in_native, id=7352, stack(0x0000000018cf0000,0x0000000018df0000)]
  0x00000000172c2800 JavaThread "JDWP Event Helper Thread" daemon [_thread_blocked, id=9364, stack(0x0000000018bf0000,0x0000000018cf0000)]
  0x00000000172b5800 JavaThread "JDWP Transport Listener: dt_socket" daemon [_thread_blocked, id=1548, stack(0x0000000018af0000,0x0000000018bf0000)]
  0x00000000172ad000 JavaThread "Attach Listener" daemon [_thread_blocked, id=9948, stack(0x0000000018710000,0x0000000018810000)]
  0x00000000172ac000 JavaThread "Signal Dispatcher" daemon [_thread_blocked, id=5916, stack(0x0000000018610000,0x0000000018710000)]
  0x00000000027b7800 JavaThread "Finalizer" daemon [_thread_blocked, id=11176, stack(0x0000000018510000,0x0000000018610000)]
  0x0000000017277800 JavaThread "Reference Handler" daemon [_thread_blocked, id=11040, stack(0x0000000018410000,0x0000000018510000)]

Other Threads:
  0x0000000017276800 VMThread [stack: 0x0000000018310000,0x0000000018410000] [id=9188]
  0x0000000019030000 WatcherThread [stack: 0x00000000195f0000,0x00000000196f0000] [id=10964]

VM state:not at safepoint (normal execution)

VM Mutex/Monitor currently owned by a thread: None

Heap:
 PSYoungGen      total 12288K, used 11888K [0x00000000d6000000, 0x00000000d6d80000, 0x0000000100000000)
  eden space 10752K, 99% used [0x00000000d6000000,0x00000000d6a723c8,0x00000000d6a80000)
  from space 1536K, 77% used [0x00000000d6c00000,0x00000000d6d29fd8,0x00000000d6d80000)
  to   space 1536K, 0% used [0x00000000d6a80000,0x00000000d6a80000,0x00000000d6c00000)
 ParOldGen       total 127488K, used 2404K [0x0000000082000000, 0x0000000089c80000, 0x00000000d6000000)
  object space 127488K, 1% used [0x0000000082000000,0x0000000082259380,0x0000000089c80000)
 Metaspace       used 16159K, capacity 16305K, committed 16640K, reserved 1064960K
  class space    used 1652K, capacity 1691K, committed 1792K, reserved 1048576K

Card table byte_map: [0x0000000011b80000,0x0000000011f80000] byte_map_base: 0x0000000011770000

Marking Bits: (ParMarkBitMap*) 0x00000000673513b0
 Begin Bits: [0x0000000012620000, 0x00000000145a0000)
 End Bits:   [0x00000000145a0000, 0x0000000016520000)

Polling page: 0x0000000000d10000

CodeCache: size=245760Kb used=3589Kb max_used=3601Kb free=242170Kb
 bounds [0x00000000027c0000, 0x0000000002b50000, 0x00000000117c0000]
 total_blobs=1743 nmethods=895 adapters=770
 compilation: enabled

Compilation events (10 events):
Event: 56.703 Thread 0x00000000172d8800  892       4       jogamp.newt.DisplayImpl$7::run (8 bytes)
Event: 56.713 Thread 0x00000000172d8800 nmethod 892 0x0000000002b44050 code [0x0000000002b441e0, 0x0000000002b448e0]
Event: 483.683 Thread 0x00000000172d1800  893       4       java.util.Arrays::copyOf (46 bytes)
Event: 483.690 Thread 0x00000000172d1800 nmethod 893 0x0000000002b44d50 code [0x0000000002b44ea0, 0x0000000002b452b8]
Event: 515.685 Thread 0x00000000172d8800  894       4       java.util.ArrayList::toArray (60 bytes)
Event: 515.695 Thread 0x00000000172d8800 nmethod 894 0x0000000002b45590 code [0x0000000002b456e0, 0x0000000002b45cb8]
Event: 519.475 Thread 0x0000000019010800  895       1       java.util.concurrent.locks.AbstractQueuedSynchronizer::getState (5 bytes)
Event: 519.475 Thread 0x0000000019010800 nmethod 895 0x0000000002b43d90 code [0x0000000002b43ee0, 0x0000000002b43ff0]
Event: 519.479 Thread 0x00000000172d1800  896       4       java.util.Arrays::binarySearch0 (95 bytes)
Event: 519.488 Thread 0x00000000172d1800 nmethod 896 0x0000000002b45f10 code [0x0000000002b46060, 0x0000000002b46498]

GC Heap History (10 events):
Event: 0.704 GC heap before
{Heap before GC invocations=8 (full 0):
 PSYoungGen      total 3072K, used 2881K [0x00000000d6000000, 0x00000000d6700000, 0x0000000100000000)
  eden space 2048K, 96% used [0x00000000d6000000,0x00000000d61ebb20,0x00000000d6200000)
  from space 1024K, 89% used [0x00000000d6200000,0x00000000d62e4a18,0x00000000d6300000)
  to   space 1536K, 0% used [0x00000000d6580000,0x00000000d6580000,0x00000000d6700000)
 ParOldGen       total 127488K, used 889K [0x0000000082000000, 0x0000000089c80000, 0x00000000d6000000)
  object space 127488K, 0% used [0x0000000082000000,0x00000000820de7e0,0x0000000089c80000)
 Metaspace       used 8889K, capacity 9004K, committed 9344K, reserved 1056768K
  class space    used 1020K, capacity 1054K, committed 1152K, reserved 1048576K
Event: 0.707 GC heap after
Heap after GC invocations=8 (full 0):
 PSYoungGen      total 5632K, used 1236K [0x00000000d6000000, 0x00000000d6700000, 0x0000000100000000)
  eden space 4096K, 0% used [0x00000000d6000000,0x00000000d6000000,0x00000000d6400000)
  from space 1536K, 80% used [0x00000000d6580000,0x00000000d66b5240,0x00000000d6700000)
  to   space 1536K, 0% used [0x00000000d6400000,0x00000000d6400000,0x00000000d6580000)
 ParOldGen       total 127488K, used 937K [0x0000000082000000, 0x0000000089c80000, 0x00000000d6000000)
  object space 127488K, 0% used [0x0000000082000000,0x00000000820ea7e0,0x0000000089c80000)
 Metaspace       used 8889K, capacity 9004K, committed 9344K, reserved 1056768K
  class space    used 1020K, capacity 1054K, committed 1152K, reserved 1048576K
}
Event: 0.864 GC heap before
{Heap before GC invocations=9 (full 0):
 PSYoungGen      total 5632K, used 5332K [0x00000000d6000000, 0x00000000d6700000, 0x0000000100000000)
  eden space 4096K, 100% used [0x00000000d6000000,0x00000000d6400000,0x00000000d6400000)
  from space 1536K, 80% used [0x00000000d6580000,0x00000000d66b5240,0x00000000d6700000)
  to   space 1536K, 0% used [0x00000000d6400000,0x00000000d6400000,0x00000000d6580000)
 ParOldGen       total 127488K, used 937K [0x0000000082000000, 0x0000000089c80000, 0x00000000d6000000)
  object space 127488K, 0% used [0x0000000082000000,0x00000000820ea7e0,0x0000000089c80000)
 Metaspace       used 11559K, capacity 11801K, committed 12032K, reserved 1060864K
  class space    used 1122K, capacity 1175K, committed 1280K, reserved 1048576K
Event: 0.865 GC heap after
Heap after GC invocations=9 (full 0):
 PSYoungGen      total 5632K, used 973K [0x00000000d6000000, 0x00000000d6980000, 0x0000000100000000)
  eden space 4096K, 0% used [0x00000000d6000000,0x00000000d6000000,0x00000000d6400000)
  from space 1536K, 63% used [0x00000000d6400000,0x00000000d64f36c8,0x00000000d6580000)
  to   space 1536K, 0% used [0x00000000d6800000,0x00000000d6800000,0x00000000d6980000)
 ParOldGen       total 127488K, used 1258K [0x0000000082000000, 0x0000000089c80000, 0x00000000d6000000)
  object space 127488K, 0% used [0x0000000082000000,0x000000008213a800,0x0000000089c80000)
 Metaspace       used 11559K, capacity 11801K, committed 12032K, reserved 1060864K
  class space    used 1122K, capacity 1175K, committed 1280K, reserved 1048576K
}
Event: 1.102 GC heap before
{Heap before GC invocations=10 (full 0):
 PSYoungGen      total 5632K, used 5069K [0x00000000d6000000, 0x00000000d6980000, 0x0000000100000000)
  eden space 4096K, 100% used [0x00000000d6000000,0x00000000d6400000,0x00000000d6400000)
  from space 1536K, 63% used [0x00000000d6400000,0x00000000d64f36c8,0x00000000d6580000)
  to   space 1536K, 0% used [0x00000000d6800000,0x00000000d6800000,0x00000000d6980000)
 ParOldGen       total 127488K, used 1258K [0x0000000082000000, 0x0000000089c80000, 0x00000000d6000000)
  object space 127488K, 0% used [0x0000000082000000,0x000000008213a800,0x0000000089c80000)
 Metaspace       used 12192K, capacity 12351K, committed 12544K, reserved 1060864K
  class space    used 1186K, capacity 1208K, committed 1280K, reserved 1048576K
Event: 1.108 GC heap after
Heap after GC invocations=10 (full 0):
 PSYoungGen      total 8192K, used 575K [0x00000000d6000000, 0x00000000d6980000, 0x0000000100000000)
  eden space 6656K, 0% used [0x00000000d6000000,0x00000000d6000000,0x00000000d6680000)
  from space 1536K, 37% used [0x00000000d6800000,0x00000000d688ff30,0x00000000d6980000)
  to   space 1536K, 0% used [0x00000000d6680000,0x00000000d6680000,0x00000000d6800000)
 ParOldGen       total 127488K, used 1738K [0x0000000082000000, 0x0000000089c80000, 0x00000000d6000000)
  object space 127488K, 1% used [0x0000000082000000,0x00000000821b2800,0x0000000089c80000)
 Metaspace       used 12192K, capacity 12351K, committed 12544K, reserved 1060864K
  class space    used 1186K, capacity 1208K, committed 1280K, reserved 1048576K
}
Event: 1.211 GC heap before
{Heap before GC invocations=11 (full 0):
 PSYoungGen      total 8192K, used 7231K [0x00000000d6000000, 0x00000000d6980000, 0x0000000100000000)
  eden space 6656K, 100% used [0x00000000d6000000,0x00000000d6680000,0x00000000d6680000)
  from space 1536K, 37% used [0x00000000d6800000,0x00000000d688ff30,0x00000000d6980000)
  to   space 1536K, 0% used [0x00000000d6680000,0x00000000d6680000,0x00000000d6800000)
 ParOldGen       total 127488K, used 1738K [0x0000000082000000, 0x0000000089c80000, 0x00000000d6000000)
  object space 127488K, 1% used [0x0000000082000000,0x00000000821b2800,0x0000000089c80000)
 Metaspace       used 12223K, capacity 12415K, committed 12544K, reserved 1060864K
  class space    used 1187K, capacity 1208K, committed 1280K, reserved 1048576K
Event: 1.214 GC heap after
Heap after GC invocations=11 (full 0):
 PSYoungGen      total 8192K, used 576K [0x00000000d6000000, 0x00000000d6d80000, 0x0000000100000000)
  eden space 6656K, 0% used [0x00000000d6000000,0x00000000d6000000,0x00000000d6680000)
  from space 1536K, 37% used [0x00000000d6680000,0x00000000d6710000,0x00000000d6800000)
  to   space 1536K, 0% used [0x00000000d6c00000,0x00000000d6c00000,0x00000000d6d80000)
 ParOldGen       total 127488K, used 1886K [0x0000000082000000, 0x0000000089c80000, 0x00000000d6000000)
  object space 127488K, 1% used [0x0000000082000000,0x00000000821d7bf8,0x0000000089c80000)
 Metaspace       used 12223K, capacity 12415K, committed 12544K, reserved 1060864K
  class space    used 1187K, capacity 1208K, committed 1280K, reserved 1048576K
}
Event: 1.345 GC heap before
{Heap before GC invocations=12 (full 0):
 PSYoungGen      total 8192K, used 7232K [0x00000000d6000000, 0x00000000d6d80000, 0x0000000100000000)
  eden space 6656K, 100% used [0x00000000d6000000,0x00000000d6680000,0x00000000d6680000)
  from space 1536K, 37% used [0x00000000d6680000,0x00000000d6710000,0x00000000d6800000)
  to   space 1536K, 0% used [0x00000000d6c00000,0x00000000d6c00000,0x00000000d6d80000)
 ParOldGen       total 127488K, used 1886K [0x0000000082000000, 0x0000000089c80000, 0x00000000d6000000)
  object space 127488K, 1% used [0x0000000082000000,0x00000000821d7bf8,0x0000000089c80000)
 Metaspace       used 12298K, capacity 12511K, committed 12800K, reserved 1060864K
  class space    used 1192K, capacity 1240K, committed 1280K, reserved 1048576K
Event: 1.349 GC heap after
Heap after GC invocations=12 (full 0):
 PSYoungGen      total 12288K, used 1191K [0x00000000d6000000, 0x00000000d6d80000, 0x0000000100000000)
  eden space 10752K, 0% used [0x00000000d6000000,0x00000000d6000000,0x00000000d6a80000)
  from space 1536K, 77% used [0x00000000d6c00000,0x00000000d6d29fd8,0x00000000d6d80000)
  to   space 1536K, 0% used [0x00000000d6a80000,0x00000000d6a80000,0x00000000d6c00000)
 ParOldGen       total 127488K, used 2404K [0x0000000082000000, 0x0000000089c80000, 0x00000000d6000000)
  object space 127488K, 1% used [0x0000000082000000,0x0000000082259380,0x0000000089c80000)
 Metaspace       used 12298K, capacity 12511K, committed 12800K, reserved 1060864K
  class space    used 1192K, capacity 1240K, committed 1280K, reserved 1048576K
}

Deoptimization events (1 events):
Event: 1.518 Thread 0x00000000026c2800 Uncommon trap: reason=unreached action=reinterpret pc=0x0000000002a81df0 method=java.lang.reflect.AccessibleObject.setAccessible0(Ljava/lang/reflect/AccessibleObject;Z)V @ 4

Internal exceptions (10 events):
Event: 1.905 Thread 0x0000000019d53800 Exception <a 'java/security/PrivilegedActionException'> (0x00000000d6993210) thrown at [D:\re\workspace\8-2-build-windows-amd64-cygwin\jdk8u5\2488\hotspot\src\share\vm\prims\jvm.cpp, line 1248]
Event: 1.905 Thread 0x0000000019d53800 Exception <a 'java/security/PrivilegedActionException'> (0x00000000d6997220) thrown at [D:\re\workspace\8-2-build-windows-amd64-cygwin\jdk8u5\2488\hotspot\src\share\vm\prims\jvm.cpp, line 1248]
Event: 1.907 Thread 0x0000000019d53800 Exception <a 'java/security/PrivilegedActionException'> (0x00000000d69a1740) thrown at [D:\re\workspace\8-2-build-windows-amd64-cygwin\jdk8u5\2488\hotspot\src\share\vm\prims\jvm.cpp, line 1248]
Event: 1.915 Thread 0x0000000019d53800 Exception <a 'java/security/PrivilegedActionException'> (0x00000000d69af5f8) thrown at [D:\re\workspace\8-2-build-windows-amd64-cygwin\jdk8u5\2488\hotspot\src\share\vm\prims\jvm.cpp, line 1248]
Event: 1.917 Thread 0x0000000019d53800 Exception <a 'java/security/PrivilegedActionException'> (0x00000000d69c5d08) thrown at [D:\re\workspace\8-2-build-windows-amd64-cygwin\jdk8u5\2488\hotspot\src\share\vm\prims\jvm.cpp, line 1248]
Event: 1.927 Thread 0x0000000019d53800 Exception <a 'java/security/PrivilegedActionException'> (0x00000000d69cef28) thrown at [D:\re\workspace\8-2-build-windows-amd64-cygwin\jdk8u5\2488\hotspot\src\share\vm\prims\jvm.cpp, line 1248]
Event: 1.928 Thread 0x0000000019d53800 Exception <a 'java/security/PrivilegedActionException'> (0x00000000d69d40a8) thrown at [D:\re\workspace\8-2-build-windows-amd64-cygwin\jdk8u5\2488\hotspot\src\share\vm\prims\jvm.cpp, line 1248]
Event: 1.928 Thread 0x0000000019d53800 Exception <a 'java/security/PrivilegedActionException'> (0x00000000d69d8de8) thrown at [D:\re\workspace\8-2-build-windows-amd64-cygwin\jdk8u5\2488\hotspot\src\share\vm\prims\jvm.cpp, line 1248]
Event: 1.929 Thread 0x0000000019d53800 Exception <a 'java/security/PrivilegedActionException'> (0x00000000d69e04c8) thrown at [D:\re\workspace\8-2-build-windows-amd64-cygwin\jdk8u5\2488\hotspot\src\share\vm\prims\jvm.cpp, line 1248]
Event: 1.930 Thread 0x0000000019d53800 Exception <a 'java/security/PrivilegedActionException'> (0x00000000d69e5268) thrown at [D:\re\workspace\8-2-build-windows-amd64-cygwin\jdk8u5\2488\hotspot\src\share\vm\prims\jvm.cpp, line 1248]

Events (10 events):
Event: 103.107 Executing VM operation: ChangeBreakpoints
Event: 103.108 Executing VM operation: ChangeBreakpoints done
Event: 519.324 loading class sun/java2d/pipe/hw/AccelDeviceEventNotifier
Event: 519.325 loading class sun/java2d/pipe/hw/AccelDeviceEventNotifier done
Event: 519.359 loading class sun/awt/windows/WToolkit$3
Event: 519.359 loading class sun/awt/windows/WToolkit$3 done
Event: 519.421 loading class java/util/WeakHashMap$KeyIterator
Event: 519.422 loading class java/util/WeakHashMap$HashIterator
Event: 519.422 loading class java/util/WeakHashMap$HashIterator done
Event: 519.422 loading class java/util/WeakHashMap$KeyIterator done


Dynamic libraries:
0x00007ff7eb710000 - 0x00007ff7eb744000 	C:\Program Files\Java\jdk1.8.0_05\bin\javaw.exe
0x00007ffa656f0000 - 0x00007ffa6589a000 	C:\WINDOWS\SYSTEM32\ntdll.dll
0x00007ffa63ac0000 - 0x00007ffa63bfa000 	C:\WINDOWS\system32\KERNEL32.DLL
0x00007ffa62db0000 - 0x00007ffa62ebf000 	C:\WINDOWS\system32\KERNELBASE.dll
0x00007ffa61690000 - 0x00007ffa61718000 	C:\WINDOWS\system32\apphelp.dll
0x00007ffa54d40000 - 0x00007ffa54d8f000 	C:\WINDOWS\AppPatch\AppPatch64\AcGenral.DLL
0x00007ffa62f70000 - 0x00007ffa63017000 	C:\WINDOWS\system32\msvcrt.dll
0x00007ffa628a0000 - 0x00007ffa628cb000 	C:\WINDOWS\SYSTEM32\SspiCli.dll
0x00007ffa63030000 - 0x00007ffa63081000 	C:\WINDOWS\system32\SHLWAPI.dll
0x00007ffa63460000 - 0x00007ffa635d1000 	C:\WINDOWS\system32\USER32.dll
0x00007ffa63620000 - 0x00007ffa63798000 	C:\WINDOWS\system32\ole32.dll
0x00007ffa642d0000 - 0x00007ffa656f0000 	C:\WINDOWS\system32\SHELL32.dll
0x00007ffa62240000 - 0x00007ffa6225e000 	C:\WINDOWS\SYSTEM32\USERENV.dll
0x00007ffa641c0000 - 0x00007ffa64265000 	C:\WINDOWS\system32\ADVAPI32.dll
0x00007ffa55820000 - 0x00007ffa5583b000 	C:\WINDOWS\SYSTEM32\MPR.dll
0x00007ffa630f0000 - 0x00007ffa63226000 	C:\WINDOWS\system32\RPCRT4.dll
0x00007ffa63090000 - 0x00007ffa630e7000 	C:\WINDOWS\SYSTEM32\sechost.dll
0x00007ffa63d40000 - 0x00007ffa63f16000 	C:\WINDOWS\SYSTEM32\combase.dll
0x00007ffa63230000 - 0x00007ffa63374000 	C:\WINDOWS\system32\GDI32.dll
0x00007ffa62a60000 - 0x00007ffa62a74000 	C:\WINDOWS\SYSTEM32\profapi.dll
0x00007ffa60f00000 - 0x00007ffa60f9f000 	C:\WINDOWS\SYSTEM32\SHCORE.dll
0x00007ffa635e0000 - 0x00007ffa63614000 	C:\WINDOWS\system32\IMM32.DLL
0x00007ffa63c00000 - 0x00007ffa63d39000 	C:\WINDOWS\system32\MSCTF.dll
0x00007ffa60480000 - 0x00007ffa606da000 	C:\WINDOWS\WinSxS\amd64_microsoft.windows.common-controls_6595b64144ccf1df_6.0.9600.17031_none_6242a4b3ecbb55a1\COMCTL32.dll
0x00000000669f0000 - 0x0000000066ac2000 	C:\Program Files\Java\jdk1.8.0_05\jre\bin\msvcr100.dll
0x0000000066ba0000 - 0x00000000673ca000 	C:\Program Files\Java\jdk1.8.0_05\jre\bin\server\jvm.dll
0x00007ffa58850000 - 0x00007ffa58859000 	C:\WINDOWS\SYSTEM32\WSOCK32.dll
0x00007ffa5f2e0000 - 0x00007ffa5f2ff000 	C:\WINDOWS\SYSTEM32\WINMM.dll
0x00007ffa639f0000 - 0x00007ffa639f7000 	C:\WINDOWS\system32\PSAPI.DLL
0x00007ffa633a0000 - 0x00007ffa633f8000 	C:\WINDOWS\system32\WS2_32.dll
0x00007ffa5f2b0000 - 0x00007ffa5f2da000 	C:\WINDOWS\SYSTEM32\WINMMBASE.dll
0x00007ffa63f20000 - 0x00007ffa63f29000 	C:\WINDOWS\system32\NSI.dll
0x00007ffa62b30000 - 0x00007ffa62b7a000 	C:\WINDOWS\SYSTEM32\cfgmgr32.dll
0x00007ffa618f0000 - 0x00007ffa61916000 	C:\WINDOWS\SYSTEM32\DEVOBJ.dll
0x0000000066b90000 - 0x0000000066b9f000 	C:\Program Files\Java\jdk1.8.0_05\jre\bin\verify.dll
0x0000000066b60000 - 0x0000000066b88000 	C:\Program Files\Java\jdk1.8.0_05\jre\bin\java.dll
0x0000000067590000 - 0x00000000675c5000 	C:\Program Files\Java\jdk1.8.0_05\jre\bin\jdwp.dll
0x0000000067580000 - 0x0000000067588000 	C:\Program Files\Java\jdk1.8.0_05\jre\bin\npt.dll
0x0000000066b40000 - 0x0000000066b56000 	C:\Program Files\Java\jdk1.8.0_05\jre\bin\zip.dll
0x0000000067570000 - 0x0000000067579000 	C:\Program Files\Java\jdk1.8.0_05\jre\bin\dt_socket.dll
0x00007ffa55a80000 - 0x00007ffa55a94000 	C:\WINDOWS\system32\napinsp.dll
0x00007ffa55ac0000 - 0x00007ffa55ad9000 	C:\WINDOWS\system32\pnrpnsp.dll
0x00007ffa602e0000 - 0x00007ffa602f9000 	C:\WINDOWS\system32\NLAapi.dll
0x00007ffa62310000 - 0x00007ffa62368000 	C:\WINDOWS\System32\mswsock.dll
0x00007ffa62090000 - 0x00007ffa62133000 	C:\WINDOWS\SYSTEM32\DNSAPI.dll
0x00007ffa55af0000 - 0x00007ffa55afc000 	C:\WINDOWS\System32\winrnr.dll
0x00007ffa55b00000 - 0x00007ffa55b13000 	C:\WINDOWS\system32\wshbth.dll
0x00007ffa5e630000 - 0x00007ffa5e698000 	C:\WINDOWS\System32\fwpuclnt.dll
0x00007ffa5a800000 - 0x00007ffa5a809000 	C:\Windows\System32\rasadhlp.dll
0x0000000066850000 - 0x00000000669e6000 	C:\Program Files\Java\jdk1.8.0_05\jre\bin\awt.dll
0x00007ffa63a00000 - 0x00007ffa63ab7000 	C:\WINDOWS\system32\OLEAUT32.dll
0x00000000675e0000 - 0x0000000067627000 	C:\Program Files\Java\jdk1.8.0_05\jre\bin\fontmanager.dll
0x0000000066b20000 - 0x0000000066b3a000 	C:\Program Files\Java\jdk1.8.0_05\jre\bin\net.dll
0x0000000066b00000 - 0x0000000066b11000 	C:\Program Files\Java\jdk1.8.0_05\jre\bin\nio.dll
0x00007ffa62380000 - 0x00007ffa6239e000 	C:\WINDOWS\SYSTEM32\CRYPTSP.dll
0x00007ffa61f80000 - 0x00007ffa61fb5000 	C:\WINDOWS\system32\rsaenh.dll
0x00007ffa625b0000 - 0x00007ffa625d6000 	C:\WINDOWS\SYSTEM32\bcrypt.dll
0x00007ffa628d0000 - 0x00007ffa62930000 	C:\WINDOWS\system32\bcryptprimitives.dll
0x00007ffa62930000 - 0x00007ffa6293a000 	C:\WINDOWS\SYSTEM32\CRYPTBASE.dll
0x00007ffa5f580000 - 0x00007ffa5f5a9000 	C:\WINDOWS\SYSTEM32\IPHLPAPI.DLL
0x00007ffa5fb80000 - 0x00007ffa5fb8a000 	C:\WINDOWS\SYSTEM32\WINNSI.DLL
0x00007ffa5e390000 - 0x00007ffa5e3a4000 	C:\WINDOWS\SYSTEM32\dhcpcsvc6.DLL
0x00007ffa5e7c0000 - 0x00007ffa5e7d9000 	C:\WINDOWS\SYSTEM32\dhcpcsvc.DLL
0x00000000637c0000 - 0x00000000637cd000 	C:\Users\JuanCamilo\AppData\Local\Temp\jogamp_0000\file_cache\jln1991428112006857537\jln8236335684901817147\gluegen-rt.dll
0x00007ffa61750000 - 0x00007ffa61871000 	C:\WINDOWS\system32\uxtheme.dll
0x00007ffa508a0000 - 0x00007ffa508cb000 	C:\Program Files (x86)\ATI Technologies\HydraVision\HydraDMH64.dll
0x00007ffa4ba00000 - 0x00007ffa4bad4000 	C:\WINDOWS\SYSTEM32\MSVCR110.dll
0x00007ffa4e810000 - 0x00007ffa4e835000 	C:\Program Files (x86)\Raptr\ltc_help64-84409.dll
0x00007ffa62b80000 - 0x00007ffa62bcc000 	C:\WINDOWS\system32\WINTRUST.dll
0x00007ffa62bd0000 - 0x00007ffa62da7000 	C:\WINDOWS\system32\CRYPT32.dll
0x00007ffa62b10000 - 0x00007ffa62b22000 	C:\WINDOWS\system32\MSASN1.dll
0x00007ffa60d20000 - 0x00007ffa60d40000 	C:\WINDOWS\system32\dwmapi.dll
0x00007ffa618e0000 - 0x00007ffa618ea000 	C:\WINDOWS\SYSTEM32\kernel.appcore.dll
0x00000000675d0000 - 0x00000000675d7000 	C:\Program Files\Java\jdk1.8.0_05\jre\bin\jawt.dll
0x000000006a440000 - 0x000000006a44d000 	C:\Users\JuanCamilo\AppData\Local\Temp\jogamp_0000\file_cache\jln1991428112006857537\jln8236335684901817147\nativewindow_awt.dll
0x00007ffa5b9f0000 - 0x00007ffa5be50000 	C:\WINDOWS\SYSTEM32\igdusc64.dll
0x000000006c100000 - 0x000000006c10f000 	C:\Users\JuanCamilo\AppData\Local\Temp\jogamp_0000\file_cache\jln1991428112006857537\jln8236335684901817147\nativewindow_win32.dll
0x00007ffa4a710000 - 0x00007ffa4a831000 	C:\WINDOWS\SYSTEM32\OpenGL32.dll
0x00007ffa5a3f0000 - 0x00007ffa5a41c000 	C:\WINDOWS\SYSTEM32\GLU32.dll
0x00007ffa4a610000 - 0x00007ffa4a704000 	C:\WINDOWS\SYSTEM32\DDRAW.dll
0x00007ffa572f0000 - 0x00007ffa572f9000 	C:\WINDOWS\SYSTEM32\DCIMAN32.dll
0x0000000064500000 - 0x00000000645a0000 	C:\Users\JuanCamilo\AppData\Local\Temp\jogamp_0000\file_cache\jln1991428112006857537\jln8236335684901817147\jogl_desktop.dll
0x0000000180000000 - 0x00000001807d1000 	C:\WINDOWS\SYSTEM32\ig7icd64.dll
0x00007ffa62a00000 - 0x00007ffa62a45000 	C:\WINDOWS\SYSTEM32\powrprof.dll
0x000000006cbc0000 - 0x000000006cbd2000 	C:\Users\JuanCamilo\AppData\Local\Temp\jogamp_0000\file_cache\jln1991428112006857537\jln8236335684901817147\newt.dll
0x00007ffa506d0000 - 0x00007ffa5075d000 	C:\WINDOWS\SYSTEM32\mscms.dll
0x00007ffa54020000 - 0x00007ffa54061000 	C:\WINDOWS\SYSTEM32\icm32.dll
0x00007ffa63f30000 - 0x00007ffa63fd4000 	C:\WINDOWS\SYSTEM32\clbcatq.dll
0x0000000066800000 - 0x0000000066841000 	C:\Program Files\Java\jdk1.8.0_05\jre\bin\t2k.dll
0x00007ffa3b730000 - 0x00007ffa3b8b8000 	C:\WINDOWS\SYSTEM32\dbghelp.dll

VM Arguments:
jvm_args: -agentlib:jdwp=transport=dt_socket,suspend=y,address=localhost:56098 -Dfile.encoding=Cp1252 
java_command: com.jprada.game.GameApp
java_class_path (initial): C:\Users\JuanCamilo\Documents\workspace\RPGGameEngine\bin;C:\Users\JuanCamilo\Documents\workspace\RPGGameEngine\make\lib\gluegen\gluegen-rt-natives-linux-amd64.jar;C:\Users\JuanCamilo\Documents\workspace\RPGGameEngine\make\lib\gluegen\gluegen-rt-natives-linux-i586.jar;C:\Users\JuanCamilo\Documents\workspace\RPGGameEngine\make\lib\gluegen\gluegen-rt-natives-macosx-universal.jar;C:\Users\JuanCamilo\Documents\workspace\RPGGameEngine\make\lib\gluegen\gluegen-rt-natives-windows-amd64.jar;C:\Users\JuanCamilo\Documents\workspace\RPGGameEngine\make\lib\gluegen\gluegen-rt-natives-windows-i586.jar;C:\Users\JuanCamilo\Documents\workspace\RPGGameEngine\make\lib\gluegen\gluegen-rt.jar;C:\Users\JuanCamilo\Documents\workspace\RPGGameEngine\make\lib\jogl\jogl-all-natives-android-armv6.jar;C:\Users\JuanCamilo\Documents\workspace\RPGGameEngine\make\lib\jogl\jogl-all-natives-linux-amd64.jar;C:\Users\JuanCamilo\Documents\workspace\RPGGameEngine\make\lib\jogl\jogl-all-natives-linux-i586.jar;C:\Users\JuanCamilo\Documents\workspace\RPGGameEngine\make\lib\jogl\jogl-all-natives-macosx-universal.jar;C:\Users\JuanCamilo\Documents\workspace\RPGGameEngine\make\lib\jogl\jogl-all-natives-windows-amd64.jar;C:\Users\JuanCamilo\Documents\workspace\RPGGameEngine\make\lib\jogl\jogl-all-natives-windows-i586.jar;C:\Users\JuanCamilo\Documents\workspace\RPGGameEngine\make\lib\jogl\jogl-all.jar
Launcher Type: SUN_STANDARD

Environment Variables:
PATH=C:\Program Files\Java\jdk1.8.0_05\jre\bin;C:/Program Files/Java/jdk1.8.0_05/bin/../jre/bin/server;C:/Program Files/Java/jdk1.8.0_05/bin/../jre/bin;C:/Program Files/Java/jdk1.8.0_05/bin/../jre/lib/amd64;C:\Program Files (x86)\Intel\iCLS Client\;C:\Program Files\Intel\iCLS Client\;C:\WINDOWS\system32;C:\WINDOWS;C:\WINDOWS\System32\Wbem;C:\WINDOWS\System32\WindowsPowerShell\v1.0\;C:\Program Files\Intel\Intel(R) Management Engine Components\DAL;C:\Program Files\Intel\Intel(R) Management Engine Components\IPT;C:\Program Files (x86)\Intel\Intel(R) Management Engine Components\DAL;C:\Program Files (x86)\Intel\Intel(R) Management Engine Components\IPT;C:\Program Files\Intel\WiFi\bin\;C:\Program Files\Common Files\Intel\WirelessCommon\;c:\Program Files (x86)\ATI Technologies\ATI.ACE\Core-Static;C:\Program Files (x86)\Windows Live\Shared;C:\Program Files (x86)\Git\cmd;C:\Program Files (x86)\Git\bin;C:\HaxeToolkit\haxe\;C:\HaxeToolkit\neko;C:\Program Files\jEdit;C:\MinGW\bin;C:\eclipse;
USERNAME=JuanCamilo
OS=Windows_NT
PROCESSOR_IDENTIFIER=Intel64 Family 6 Model 58 Stepping 9, GenuineIntel



---------------  S Y S T E M  ---------------

OS: Windows 8.1 , 64 bit Build 9600 

CPU:total 4 (2 cores per cpu, 2 threads per core) family 6 model 58 stepping 9, cmov, cx8, fxsr, mmx, sse, sse2, sse3, ssse3, sse4.1, sse4.2, popcnt, avx, aes, clmul, erms, ht, tsc, tscinvbit

Memory: 4k page, physical 8251900k(2830628k free), swap 16640508k(5493916k free)

vm_info: Java HotSpot(TM) 64-Bit Server VM (25.5-b02) for windows-amd64 JRE (1.8.0_05-b13), built on Mar 18 2014 01:08:39 by "java_re" with MS VC++ 10.0 (VS2010)

time: Wed Jul 02 14:32:13 2014
elapsed time: 519 seconds

